# JRE version: Java(TM) SE Runtime Environment (8.0_65-b17) (build 1.8.0_65-b17)
# Java VM: Java HotSpot(TM) 64-Bit Server VM (25.65-b01 mixed mode windows-amd64 compressed oops)
Heap:
 PSYoungGen      total 228352K, used 71563K [0x00000000d6000000, 0x00000000edc80000, 0x0000000100000000)
  eden space 206336K, 24% used [0x00000000d6000000,0x00000000d9068930,0x00000000e2980000)
  from space 22016K, 99% used [0x00000000e2980000,0x00000000e3efa500,0x00000000e3f00000)
  to   space 29696K, 0% used [0x00000000ebf80000,0x00000000ebf80000,0x00000000edc80000)
 ParOldGen       total 86016K, used 59117K [0x0000000082000000, 0x0000000087400000, 0x00000000d6000000)
  object space 86016K, 68% used [0x0000000082000000,0x00000000859bb6e0,0x0000000087400000)
 Metaspace       used 20584K, capacity 20790K, committed 20992K, reserved 1067008K
  class space    used 2454K, capacity 2529K, committed 2560K, reserved 1048576K
GC Heap History (10 events):
Event: 13.644 GC heap before
{Heap before GC invocations=7 (full 0):
 PSYoungGen      total 79360K, used 75320K [0x00000000d6000000, 0x00000000dbb00000, 0x0000000100000000)
  eden space 65536K, 100% used [0x00000000d6000000,0x00000000da000000,0x00000000da000000)
  from space 13824K, 70% used [0x00000000dad80000,0x00000000db70e300,0x00000000dbb00000)
  to   space 13824K, 0% used [0x00000000da000000,0x00000000da000000,0x00000000dad80000)
 ParOldGen       total 86016K, used 28103K [0x0000000082000000, 0x0000000087400000, 0x00000000d6000000)
  object space 86016K, 32% used [0x0000000082000000,0x0000000083b71c00,0x0000000087400000)
 Metaspace       used 20525K, capacity 20790K, committed 20992K, reserved 1067008K
  class space    used 2452K, capacity 2529K, committed 2560K, reserved 1048576K
Event: 13.674 GC heap after
Heap after GC invocations=7 (full 0):
 PSYoungGen      total 79360K, used 12051K [0x00000000d6000000, 0x00000000dfc00000, 0x0000000100000000)
  eden space 65536K, 0% used [0x00000000d6000000,0x00000000d6000000,0x00000000da000000)
  from space 13824K, 87% used [0x00000000da000000,0x00000000dabc4c70,0x00000000dad80000)
  to   space 14336K, 0% used [0x00000000dee00000,0x00000000dee00000,0x00000000dfc00000)
 ParOldGen       total 86016K, used 31589K [0x0000000082000000, 0x0000000087400000, 0x00000000d6000000)
  object space 86016K, 36% used [0x0000000082000000,0x0000000083ed96a0,0x0000000087400000)
 Metaspace       used 20525K, capacity 20790K, committed 20992K, reserved 1067008K
  class space    used 2452K, capacity 2529K, committed 2560K, reserved 1048576K
}
Event: 15.100 GC heap before
{Heap before GC invocations=8 (full 0):
 PSYoungGen      total 79360K, used 77587K [0x00000000d6000000, 0x00000000dfc00000, 0x0000000100000000)
  eden space 65536K, 100% used [0x00000000d6000000,0x00000000da000000,0x00000000da000000)
  from space 13824K, 87% used [0x00000000da000000,0x00000000dabc4c70,0x00000000dad80000)
  to   space 14336K, 0% used [0x00000000dee00000,0x00000000dee00000,0x00000000dfc00000)
 ParOldGen       total 86016K, used 31589K [0x0000000082000000, 0x0000000087400000, 0x00000000d6000000)
  object space 86016K, 36% used [0x0000000082000000,0x0000000083ed96a0,0x0000000087400000)
 Metaspace       used 20541K, capacity 20790K, committed 20992K, reserved 1067008K
  class space    used 2452K, capacity 2529K, committed 2560K, reserved 1048576K
Event: 15.121 GC heap after
Heap after GC invocations=8 (full 0):
 PSYoungGen      total 145408K, used 11634K [0x00000000d6000000, 0x00000000dfc00000, 0x0000000100000000)
  eden space 131072K, 0% used [0x00000000d6000000,0x00000000d6000000,0x00000000de000000)
  from space 14336K, 81% used [0x00000000dee00000,0x00000000df95cbd0,0x00000000dfc00000)
  to   space 14336K, 0% used [0x00000000de000000,0x00000000de000000,0x00000000dee00000)
 ParOldGen       total 86016K, used 31629K [0x0000000082000000, 0x0000000087400000, 0x00000000d6000000)
  object space 86016K, 36% used [0x0000000082000000,0x0000000083ee36b0,0x0000000087400000)
 Metaspace       used 20541K, capacity 20790K, committed 20992K, reserved 1067008K
  class space    used 2452K, capacity 2529K, committed 2560K, reserved 1048576K
}
Event: 17.799 GC heap before
{Heap before GC invocations=9 (full 0):
 PSYoungGen      total 145408K, used 142706K [0x00000000d6000000, 0x00000000dfc00000, 0x0000000100000000)
  eden space 131072K, 100% used [0x00000000d6000000,0x00000000de000000,0x00000000de000000)
  from space 14336K, 81% used [0x00000000dee00000,0x00000000df95cbd0,0x00000000dfc00000)
  to   space 14336K, 0% used [0x00000000de000000,0x00000000de000000,0x00000000dee00000)
 ParOldGen       total 86016K, used 31629K [0x0000000082000000, 0x0000000087400000, 0x00000000d6000000)
  object space 86016K, 36% used [0x0000000082000000,0x0000000083ee36b0,0x0000000087400000)
 Metaspace       used 20544K, capacity 20790K, committed 20992K, reserved 1067008K
  class space    used 2452K, capacity 2529K, committed 2560K, reserved 1048576K
Event: 17.833 GC heap after
Heap after GC invocations=9 (full 0):
 PSYoungGen      total 145408K, used 14325K [0x00000000d6000000, 0x00000000e5100000, 0x0000000100000000)
  eden space 131072K, 0% used [0x00000000d6000000,0x00000000d6000000,0x00000000de000000)
  from space 14336K, 99% used [0x00000000de000000,0x00000000dedfd710,0x00000000dee00000)
  to   space 18432K, 0% used [0x00000000e3f00000,0x00000000e3f00000,0x00000000e5100000)
 ParOldGen       total 86016K, used 39773K [0x0000000082000000, 0x0000000087400000, 0x00000000d6000000)
  object space 86016K, 46% used [0x0000000082000000,0x00000000846d76c0,0x0000000087400000)
 Metaspace       used 20544K, capacity 20790K, committed 20992K, reserved 1067008K
  class space    used 2452K, capacity 2529K, committed 2560K, reserved 1048576K
}
Event: 20.460 GC heap before
{Heap before GC invocations=10 (full 0):
 PSYoungGen      total 145408K, used 145397K [0x00000000d6000000, 0x00000000e5100000, 0x0000000100000000)
  eden space 131072K, 100% used [0x00000000d6000000,0x00000000de000000,0x00000000de000000)
  from space 14336K, 99% used [0x00000000de000000,0x00000000dedfd710,0x00000000dee00000)
  to   space 18432K, 0% used [0x00000000e3f00000,0x00000000e3f00000,0x00000000e5100000)
 ParOldGen       total 86016K, used 39773K [0x0000000082000000, 0x0000000087400000, 0x00000000d6000000)
  object space 86016K, 46% used [0x0000000082000000,0x00000000846d76c0,0x0000000087400000)
 Metaspace       used 20544K, capacity 20790K, committed 20992K, reserved 1067008K
  class space    used 2452K, capacity 2529K, committed 2560K, reserved 1048576K
Event: 20.494 GC heap after
Heap after GC invocations=10 (full 0):
 PSYoungGen      total 224768K, used 18421K [0x00000000d6000000, 0x00000000e5800000, 0x0000000100000000)
  eden space 206336K, 0% used [0x00000000d6000000,0x00000000d6000000,0x00000000e2980000)
  from space 18432K, 99% used [0x00000000e3f00000,0x00000000e50fd750,0x00000000e5100000)
  to   space 22016K, 0% used [0x00000000e2980000,0x00000000e2980000,0x00000000e3f00000)
 ParOldGen       total 86016K, used 44829K [0x0000000082000000, 0x0000000087400000, 0x00000000d6000000)
  object space 86016K, 52% used [0x0000000082000000,0x0000000084bc76c0,0x0000000087400000)
 Metaspace       used 20544K, capacity 20790K, committed 20992K, reserved 1067008K
  class space    used 2452K, capacity 2529K, committed 2560K, reserved 1048576K
}
Event: 25.020 GC heap before
{Heap before GC invocations=11 (full 0):
 PSYoungGen      total 224768K, used 224757K [0x00000000d6000000, 0x00000000e5800000, 0x0000000100000000)
  eden space 206336K, 100% used [0x00000000d6000000,0x00000000e2980000,0x00000000e2980000)
  from space 18432K, 99% used [0x00000000e3f00000,0x00000000e50fd750,0x00000000e5100000)
  to   space 22016K, 0% used [0x00000000e2980000,0x00000000e2980000,0x00000000e3f00000)
 ParOldGen       total 86016K, used 44829K [0x0000000082000000, 0x0000000087400000, 0x00000000d6000000)
  object space 86016K, 52% used [0x0000000082000000,0x0000000084bc76c0,0x0000000087400000)
 Metaspace       used 20544K, capacity 20790K, committed 20992K, reserved 1067008K
  class space    used 2452K, capacity 2529K, committed 2560K, reserved 1048576K
Event: 25.075 GC heap after
Heap after GC invocations=11 (full 0):
 PSYoungGen      total 228352K, used 21993K [0x00000000d6000000, 0x00000000edc80000, 0x0000000100000000)
  eden space 206336K, 0% used [0x00000000d6000000,0x00000000d6000000,0x00000000e2980000)
  from space 22016K, 99% used [0x00000000e2980000,0x00000000e3efa500,0x00000000e3f00000)
  to   space 29696K, 0% used [0x00000000ebf80000,0x00000000ebf80000,0x00000000edc80000)
 ParOldGen       total 86016K, used 59117K [0x0000000082000000, 0x0000000087400000, 0x00000000d6000000)
  object space 86016K, 68% used [0x0000000082000000,0x00000000859bb6e0,0x0000000087400000)
 Metaspace       used 20544K, capacity 20790K, committed 20992K, reserved 1067008K
  class space    used 2452K, capacity 2529K, committed 2560K, reserved 1048576K
}

